Determining if the Q_WS_WIN exist failed with the following output:
Change Dir: /home/sergio/projects/ejemplo122/CMakeFiles/CMakeTmp

Run Build Command:"/usr/bin/make" "cmTC_04a71/fast"
/usr/bin/make -f CMakeFiles/cmTC_04a71.dir/build.make CMakeFiles/cmTC_04a71.dir/build
make[1]: se entra en el directorio '/home/sergio/projects/ejemplo122/CMakeFiles/CMakeTmp'
Building CXX object CMakeFiles/cmTC_04a71.dir/CheckSymbolExists.cxx.o
/usr/bin/c++    -I/usr/include/qt4   -o CMakeFiles/cmTC_04a71.dir/CheckSymbolExists.cxx.o -c /home/sergio/projects/ejemplo122/CMakeFiles/CMakeTmp/CheckSymbolExists.cxx
/home/sergio/projects/ejemplo122/CMakeFiles/CMakeTmp/CheckSymbolExists.cxx: In function ‘int main(int, char**)’:
/home/sergio/projects/ejemplo122/CMakeFiles/CMakeTmp/CheckSymbolExists.cxx:8:19: error: ‘Q_WS_WIN’ was not declared in this scope
   return ((int*)(&Q_WS_WIN))[argc];
                   ^
CMakeFiles/cmTC_04a71.dir/build.make:65: fallo en las instrucciones para el objetivo 'CMakeFiles/cmTC_04a71.dir/CheckSymbolExists.cxx.o'
make[1]: *** [CMakeFiles/cmTC_04a71.dir/CheckSymbolExists.cxx.o] Error 1
make[1]: se sale del directorio '/home/sergio/projects/ejemplo122/CMakeFiles/CMakeTmp'
Makefile:126: fallo en las instrucciones para el objetivo 'cmTC_04a71/fast'
make: *** [cmTC_04a71/fast] Error 2

File /home/sergio/projects/ejemplo122/CMakeFiles/CMakeTmp/CheckSymbolExists.cxx:
/* */
#include <QtCore/qglobal.h>

int main(int argc, char** argv)
{
  (void)argv;
#ifndef Q_WS_WIN
  return ((int*)(&Q_WS_WIN))[argc];
#else
  (void)argc;
  return 0;
#endif
}

Determining if the Q_WS_QWS exist failed with the following output:
Change Dir: /home/sergio/projects/ejemplo122/CMakeFiles/CMakeTmp

Run Build Command:"/usr/bin/make" "cmTC_45b61/fast"
/usr/bin/make -f CMakeFiles/cmTC_45b61.dir/build.make CMakeFiles/cmTC_45b61.dir/build
make[1]: se entra en el directorio '/home/sergio/projects/ejemplo122/CMakeFiles/CMakeTmp'
Building CXX object CMakeFiles/cmTC_45b61.dir/CheckSymbolExists.cxx.o
/usr/bin/c++    -I/usr/include/qt4   -o CMakeFiles/cmTC_45b61.dir/CheckSymbolExists.cxx.o -c /home/sergio/projects/ejemplo122/CMakeFiles/CMakeTmp/CheckSymbolExists.cxx
/home/sergio/projects/ejemplo122/CMakeFiles/CMakeTmp/CheckSymbolExists.cxx: In function ‘int main(int, char**)’:
/home/sergio/projects/ejemplo122/CMakeFiles/CMakeTmp/CheckSymbolExists.cxx:8:19: error: ‘Q_WS_QWS’ was not declared in this scope
   return ((int*)(&Q_WS_QWS))[argc];
                   ^
CMakeFiles/cmTC_45b61.dir/build.make:65: fallo en las instrucciones para el objetivo 'CMakeFiles/cmTC_45b61.dir/CheckSymbolExists.cxx.o'
make[1]: *** [CMakeFiles/cmTC_45b61.dir/CheckSymbolExists.cxx.o] Error 1
make[1]: se sale del directorio '/home/sergio/projects/ejemplo122/CMakeFiles/CMakeTmp'
Makefile:126: fallo en las instrucciones para el objetivo 'cmTC_45b61/fast'
make: *** [cmTC_45b61/fast] Error 2

File /home/sergio/projects/ejemplo122/CMakeFiles/CMakeTmp/CheckSymbolExists.cxx:
/* */
#include <QtCore/qglobal.h>

int main(int argc, char** argv)
{
  (void)argv;
#ifndef Q_WS_QWS
  return ((int*)(&Q_WS_QWS))[argc];
#else
  (void)argc;
  return 0;
#endif
}

Determining if the Q_WS_MAC exist failed with the following output:
Change Dir: /home/sergio/projects/ejemplo122/CMakeFiles/CMakeTmp

Run Build Command:"/usr/bin/make" "cmTC_ae8d0/fast"
/usr/bin/make -f CMakeFiles/cmTC_ae8d0.dir/build.make CMakeFiles/cmTC_ae8d0.dir/build
make[1]: se entra en el directorio '/home/sergio/projects/ejemplo122/CMakeFiles/CMakeTmp'
Building CXX object CMakeFiles/cmTC_ae8d0.dir/CheckSymbolExists.cxx.o
/usr/bin/c++    -I/usr/include/qt4   -o CMakeFiles/cmTC_ae8d0.dir/CheckSymbolExists.cxx.o -c /home/sergio/projects/ejemplo122/CMakeFiles/CMakeTmp/CheckSymbolExists.cxx
/home/sergio/projects/ejemplo122/CMakeFiles/CMakeTmp/CheckSymbolExists.cxx: In function ‘int main(int, char**)’:
/home/sergio/projects/ejemplo122/CMakeFiles/CMakeTmp/CheckSymbolExists.cxx:8:19: error: ‘Q_WS_MAC’ was not declared in this scope
   return ((int*)(&Q_WS_MAC))[argc];
                   ^
CMakeFiles/cmTC_ae8d0.dir/build.make:65: fallo en las instrucciones para el objetivo 'CMakeFiles/cmTC_ae8d0.dir/CheckSymbolExists.cxx.o'
make[1]: *** [CMakeFiles/cmTC_ae8d0.dir/CheckSymbolExists.cxx.o] Error 1
make[1]: se sale del directorio '/home/sergio/projects/ejemplo122/CMakeFiles/CMakeTmp'
Makefile:126: fallo en las instrucciones para el objetivo 'cmTC_ae8d0/fast'
make: *** [cmTC_ae8d0/fast] Error 2

File /home/sergio/projects/ejemplo122/CMakeFiles/CMakeTmp/CheckSymbolExists.cxx:
/* */
#include <QtCore/qglobal.h>

int main(int argc, char** argv)
{
  (void)argv;
#ifndef Q_WS_MAC
  return ((int*)(&Q_WS_MAC))[argc];
#else
  (void)argc;
  return 0;
#endif
}

